2026-07-02 22:05:08 | INFO    | ================ PIPELINE OLIST AUTOMATIZADO ================
2026-07-02 22:05:08 | INFO    | 🔐 Archivo .env detectado. Resguardando credenciales y endpoints sensibles...
2026-07-02 22:05:08 | INFO    |    ↳ Token cargado de forma segura: oll_live...
2026-07-02 22:05:08 | INFO    | 📂 Iniciando la extracción de fuentes de datos locales...
2026-07-02 22:05:08 | INFO    |    ↳ Cargando olist_order_payments_dataset.csv...
2026-07-02 22:05:08 | INFO    |    ↳ Cargando olist_orders_dataset.csv...
2026-07-02 22:05:09 | INFO    |    ↳ Cargando olist_customers_dataset.csv...
2026-07-02 22:05:09 | SUCCESS | ✅ Todas las fuentes locales se cargaron exitosamente.
2026-07-02 22:05:09 | INFO    | 🌐 Conectando con la API externa de mindicador.cl...
2026-07-02 22:05:11 | SUCCESS | 💱 API Exitosa: 1 USD = $927.35 CLP
2026-07-02 22:05:11 | INFO    | 🧹 Iniciando etapa de Transformación y Validación...
2026-07-02 22:05:11 | WARNING |    ↳ Se aislaron 11 filas inválidas en pagos (valores <= 0 o vacíos).
2026-07-02 22:05:11 | INFO    | 🔍 Validando contrato de calidad en datos de Pagos...
2026-07-02 22:05:11 | SUCCESS | ✅ Validación OK: El dataset de pagos cumple el contrato formal.
2026-07-02 22:05:11 | INFO    |    ↳ Órdenes procesadas: 98816 válidas de un total de 99441.
2026-07-02 22:05:11 | INFO    | 🔍 Validando contrato de calidad en datos de Órdenes...
2026-07-02 22:05:11 | SUCCESS | ✅ Validación OK: El dataset de órdenes cumple el contrato formal.
2026-07-02 22:05:11 | INFO    | 🧠 Procesando cruces de datos (Merges) y analítica avanzada...
2026-07-02 22:05:12 | SUCCESS | 💾 Outputs 1 al 4 (Archivos CSV) guardados exitosamente.
2026-07-02 22:05:12 | INFO    | 🗄️ Inyectando tablas en la Base de Datos Relacional: olist_analytics.db...
2026-07-02 22:05:12 | SUCCESS | ✅ Output 5 (Base de Datos SQLite relacional) estructurada con éxito.
2026-07-02 22:05:13 | INFO    | 🛡️ Iniciando auditoría analítica de consistencia relacional en SQLite...
2026-07-02 22:05:13 | SUCCESS | ✅ DB AUDIT PASSED: Archivo 'olist_analytics.db' verificado vía Query Avanzado.
2026-07-02 22:05:42 | INFO    | ================ PIPELINE OLIST AUTOMATIZADO ================
2026-07-02 22:05:42 | INFO    | 🔐 Archivo .env detectado. Resguardando credenciales y endpoints sensibles...
2026-07-02 22:05:42 | INFO    |    ↳ Token cargado de forma segura: oll_live...
2026-07-02 22:05:42 | WARNING |    ↳ El reporte ejecutivo 'resumen_ejecutivo.csv' ya existe en almacenamiento.
2026-07-02 22:05:42 | SUCCESS | ✅ El sistema detiene la ejecución de forma segura para no malgastar cómputo.

2026-07-02 22:10:49 | INFO    | ================ PIPELINE OLIST AUTOMATIZADO ================
2026-07-02 22:10:49 | INFO    | 🔐 Archivo .env detectado. Resguardando credenciales y endpoints sensibles...
2026-07-02 22:10:49 | INFO    |    ↳ Token cargado de forma segura: oll_live...
2026-07-02 22:10:49 | INFO    | 📂 Iniciando la extracción de fuentes de datos locales...
2026-07-02 22:10:49 | INFO    |    ↳ Cargando olist_order_payments_dataset.csv...
2026-07-02 22:10:50 | INFO    |    ↳ Cargando olist_orders_dataset.csv...
2026-07-02 22:10:51 | INFO    |    ↳ Cargando olist_customers_dataset.csv...
2026-07-02 22:10:53 | SUCCESS | ✅ Todas las fuentes locales se cargaron exitosamente.
2026-07-02 22:10:53 | INFO    | 🌐 Conectando con la API externa de mindicador.cl...
2026-07-02 22:10:56 | SUCCESS | 💱 API Exitosa: 1 USD = $927.35 CLP
2026-07-02 22:10:56 | INFO    | 🧹 Iniciando etapa de Transformación y Validación...
2026-07-02 22:10:56 | WARNING |    ↳ Se aislaron 11 filas inválidas en pagos (valores <= 0 o vacíos).
2026-07-02 22:10:56 | INFO    | 🔍 Validando contrato de calidad en datos de Pagos...
2026-07-02 22:10:56 | SUCCESS | ✅ Validación OK: El dataset de pagos cumple el contrato formal.
2026-07-02 22:10:57 | INFO    |    ↳ Órdenes procesadas: 98816 válidas de un total de 99441.
2026-07-02 22:10:57 | INFO    | 🔍 Validando contrato de calidad en datos de Órdenes...
2026-07-02 22:10:57 | SUCCESS | ✅ Validación OK: El dataset de órdenes cumple el contrato formal.
2026-07-02 22:10:57 | INFO    | 🧠 Procesando cruces de datos (Merges) y analítica avanzada...
2026-07-02 22:10:57 | SUCCESS | 💾 Outputs 1 al 4 (Archivos CSV) guardados exitosamente.
2026-07-02 22:10:57 | INFO    | 🗄️ Inyectando tablas en la Base de Datos Relacional: olist_analytics.db...
2026-07-02 22:10:57 | SUCCESS | ✅ Output 5 (Base de Datos SQLite relacional) estructurada con éxito.
2026-07-02 22:10:57 | INFO    | 🛡️ Iniciando auditoría analítica de consistencia relacional en SQLite...
2026-07-02 22:10:57 | SUCCESS | ✅ DB AUDIT PASSED: Archivo 'olist_analytics.db' verificado vía Query Avanzado.
2026-07-02 22:11:14 | INFO    | ================ PIPELINE OLIST AUTOMATIZADO ================
2026-07-02 22:11:14 | INFO    | 🔐 Archivo .env detectado. Resguardando credenciales y endpoints sensibles...
2026-07-02 22:11:14 | INFO    |    ↳ Token cargado de forma segura: oll_live...
2026-07-02 22:11:14 | WARNING |    ↳ El reporte ejecutivo 'resumen_ejecutivo.csv' ya existe en almacenamiento.
2026-07-02 22:11:14 | SUCCESS | ✅ El sistema detiene la ejecución de forma segura para no malgastar cómputo.

2026-07-02 22:19:53 | INFO    | ================ PIPELINE OLIST AUTOMATIZADO ================
2026-07-02 22:19:53 | INFO    | 🔐 Archivo .env detectado. Resguardando credenciales y endpoints sensibles...
2026-07-02 22:19:53 | INFO    |    ↳ Token cargado de forma segura: oll_live...
2026-07-02 22:19:53 | WARNING |    ↳ El reporte ejecutivo 'resumen_ejecutivo.csv' ya existe en almacenamiento.
2026-07-02 22:19:53 | SUCCESS | ✅ El sistema detiene la ejecución de forma segura para no malgastar cómputo.

2026-07-04 21:39:25 | INFO    | ================ PIPELINE OLIST AUTOMATIZADO ================
2026-07-04 21:39:25 | INFO    | 🔐 Archivo .env detectado. Resguardando credenciales y endpoints sensibles...
2026-07-04 21:39:25 | INFO    |    ↳ Token cargado de forma segura: oll_live...
2026-07-04 21:39:25 | WARNING |    ↳ El reporte ejecutivo 'resumen_ejecutivo.csv' ya existe en almacenamiento.
2026-07-04 21:39:25 | SUCCESS | ✅ El sistema detiene la ejecución de forma segura para no malgastar cómputo.

2026-07-04 21:39:38 | INFO    | ================ PIPELINE OLIST AUTOMATIZADO ================
2026-07-04 21:39:38 | INFO    | 🔐 Archivo .env detectado. Resguardando credenciales y endpoints sensibles...
2026-07-04 21:39:38 | INFO    |    ↳ Token cargado de forma segura: oll_live...
2026-07-04 21:39:38 | INFO    | Iniciando la extracción de fuentes locales (CSVs de Olist)...
2026-07-04 21:39:39 | SUCCESS | Los 3 datasets de Olist han sido cargados en memoria exitosamente.
2026-07-04 21:39:39 | INFO    | Iniciando la extracción remota (API mindicador.cl)...
2026-07-04 21:39:40 | SUCCESS | API consultada con éxito: 1 USD = $921.70 CLP. Usando factor detectado (0.19) -> 1 BRL ≈ $175.12 CLP
2026-07-04 21:39:40 | INFO    | 🧹 Iniciando etapa de Transformación y Validación...
2026-07-04 21:39:40 | WARNING |    ↳ Se aislaron 11 filas inválidas en pagos (valores <= 0 o vacíos).
2026-07-04 21:39:40 | INFO    | 🔍 Validando contrato de calidad en datos de Pagos...
2026-07-04 21:39:40 | SUCCESS | ✅ Validación OK: El dataset de pagos cumple el contrato formal.
2026-07-04 21:39:40 | INFO    |    ↳ Órdenes procesadas: 98816 válidas de un total de 99441.
2026-07-04 21:39:40 | INFO    | 🔍 Validando contrato de calidad en datos de Órdenes...
2026-07-04 21:39:40 | SUCCESS | ✅ Validación OK: El dataset de órdenes cumple el contrato formal.
2026-07-04 21:39:40 | INFO    | 🧠 Procesando cruces de datos (Merges) y analítica avanzada...
2026-07-04 21:39:40 | SUCCESS | 💾 Outputs 1 al 4 (Archivos CSV) guardados exitosamente.
2026-07-04 21:39:40 | INFO    | 🗄️ Inyectando tablas en la Base de Datos Relacional: olist_analytics.db...
2026-07-04 21:39:40 | SUCCESS | ✅ Output 5 (Base de Datos SQLite relacional) estructurada con éxito.
2026-07-04 21:39:40 | INFO    | 🛡️ Iniciando auditoría analítica de consistencia relacional en SQLite...
2026-07-04 21:39:40 | SUCCESS | ✅ DB AUDIT PASSED: Archivo 'olist_analytics.db' verificado vía Query Avanzado.
2026-07-04 21:53:30 | INFO    | ================ PIPELINE OLIST AUTOMATIZADO ================
2026-07-04 21:53:30 | INFO    | 🔐 Archivo .env detectado. Resguardando credenciales y endpoints sensibles...
2026-07-04 21:53:30 | INFO    |    ↳ Token cargado de forma segura: oll_live...
2026-07-04 21:53:30 | INFO    | Iniciando la extracción de fuentes locales (CSVs de Olist)...
2026-07-04 21:53:30 | SUCCESS | Los 3 datasets de Olist han sido cargados en memoria exitosamente.
2026-07-04 21:53:30 | INFO    | Iniciando la extracción remota (API mindicador.cl)...
2026-07-04 21:53:31 | SUCCESS | API consultada con éxito: 1 USD = $921.70 CLP. Usando factor detectado (0.19) -> 1 BRL ≈ $175.12 CLP
2026-07-04 21:53:31 | INFO    | 🧹 Iniciando etapa de Transformación y Validación...
2026-07-04 21:53:31 | WARNING |    ↳ Se aislaron 11 filas inválidas en pagos (valores <= 0 o vacíos).
2026-07-04 21:53:31 | INFO    | 🔍 Validando contrato de calidad en datos de Pagos...
2026-07-04 21:53:31 | SUCCESS | ✅ Validación OK: El dataset de pagos cumple el contrato formal.
2026-07-04 21:53:31 | INFO    |    ↳ Órdenes procesadas: 98816 válidas de un total de 99441.
2026-07-04 21:53:31 | INFO    | 🔍 Validando contrato de calidad en datos de Órdenes...
2026-07-04 21:53:31 | SUCCESS | ✅ Validación OK: El dataset de órdenes cumple el contrato formal.
2026-07-04 21:53:31 | INFO    | 🔍 Validando contrato de calidad en datos de Clientes...
2026-07-04 21:53:31 | SUCCESS | ✅ Validación OK: El dataset de clientes cumple el contrato formal.
2026-07-04 21:53:31 | INFO    | 🧠 Procesando cruces de datos (Merges) y analítica avanzada...
2026-07-04 21:53:31 | SUCCESS | 💾 Outputs 1 al 4 (Archivos CSV) guardados exitosamente.
2026-07-04 21:53:31 | INFO    | 🗄️ Inyectando tablas en la Base de Datos Relacional: olist_analytics.db...
2026-07-04 21:53:32 | SUCCESS | ✅ Output 5 (Base de Datos SQLite relacional) estructurada con éxito.
2026-07-04 21:53:32 | INFO    | 🤖 Iniciando componente de análisis estratégico con IA...
2026-07-04 21:53:32 | INFO    |    ↳ Ejecutando fallback analítico local (Cómputo Heurístico)...
2026-07-04 21:53:32 | SUCCESS | ✅ Fallback completado: Síntesis de auditoría local generada correctamente.
2026-07-04 21:53:32 | SUCCESS | 💾 Output 6 (Explicación de IA/Fallback) guardada en: output/explicacion_patrones_ia.txt
2026-07-04 21:53:32 | SUCCESS | ✅ SQLite actualizado: Análisis de patrones guardado en tabla 'auditoria_patrones_ia'.
2026-07-04 21:53:32 | INFO    | 🛡️ Iniciando auditoría analítica de consistencia relacional en SQLite...
2026-07-04 21:53:32 | SUCCESS | ✅ DB AUDIT PASSED: Archivo 'olist_analytics.db' verificado vía Query Avanzado.
2026-07-04 21:54:06 | INFO    | ================ PIPELINE OLIST AUTOMATIZADO ================
2026-07-04 21:54:06 | INFO    | 🔐 Archivo .env detectado. Resguardando credenciales y endpoints sensibles...
2026-07-04 21:54:06 | INFO    |    ↳ Token cargado de forma segura: oll_live...
2026-07-04 21:54:06 | WARNING |    ↳ El reporte ejecutivo 'resumen_ejecutivo.csv' ya existe en almacenamiento.
2026-07-04 21:54:06 | SUCCESS | ✅ El sistema detiene la ejecución de forma segura para no malgastar cómputo.

